
2014-11-11 11:32:13
[ERROR]-[Thread: JFinal-Scanner]-[com.alibaba.druid.pool.DruidDataSource.init()]: init datasource error
java.sql.SQLException: java.lang.IllegalAccessError: class sun.reflect.GeneratedConstructorAccessor1 cannot access its superclass sun.reflect.ConstructorAccessorImpl
	at com.mysql.jdbc.SQLError.createSQLException(SQLError.java:1073)
	at com.mysql.jdbc.SQLError.createSQLException(SQLError.java:987)
	at com.mysql.jdbc.SQLError.createSQLException(SQLError.java:982)
	at com.mysql.jdbc.SQLError.createSQLException(SQLError.java:927)
	at com.mysql.jdbc.Util.handleNewInstance(Util.java:435)
	at com.mysql.jdbc.ConnectionImpl.getInstance(ConnectionImpl.java:389)
	at com.mysql.jdbc.NonRegisteringDriver.connect(NonRegisteringDriver.java:305)
	at com.alibaba.druid.pool.DruidAbstractDataSource.createPhysicalConnection(DruidAbstractDataSource.java:1353)
	at com.alibaba.druid.pool.DruidAbstractDataSource.createPhysicalConnection(DruidAbstractDataSource.java:1409)
	at com.alibaba.druid.pool.DruidDataSource.init(DruidDataSource.java:602)
	at com.alibaba.druid.pool.DruidDataSource.getConnection(DruidDataSource.java:876)
	at com.alibaba.druid.pool.DruidDataSource.getConnection(DruidDataSource.java:872)
	at com.alibaba.druid.pool.DruidDataSource.getConnection(DruidDataSource.java:97)
	at com.jfinal.plugin.activerecord.TableBuilder.build(TableBuilder.java:36)
	at com.jfinal.plugin.activerecord.ActiveRecordPlugin.start(ActiveRecordPlugin.java:171)
	at com.jfinal.core.Config.startPlugins(Config.java:85)
	at com.jfinal.core.Config.configJFinal(Config.java:48)
	at com.jfinal.core.JFinal.init(JFinal.java:67)
	at com.jfinal.core.JFinalFilter.init(JFinalFilter.java:49)
	at org.eclipse.jetty.servlet.FilterHolder.doStart(FilterHolder.java:119)
	at org.eclipse.jetty.util.component.AbstractLifeCycle.start(AbstractLifeCycle.java:64)
	at org.eclipse.jetty.servlet.ServletHandler.initialize(ServletHandler.java:724)
	at org.eclipse.jetty.servlet.ServletContextHandler.startContext(ServletContextHandler.java:265)
	at org.eclipse.jetty.webapp.WebAppContext.startContext(WebAppContext.java:1250)
	at org.eclipse.jetty.server.handler.ContextHandler.doStart(ContextHandler.java:706)
	at org.eclipse.jetty.webapp.WebAppContext.doStart(WebAppContext.java:492)
	at org.eclipse.jetty.util.component.AbstractLifeCycle.start(AbstractLifeCycle.java:64)
	at com.jfinal.server.JettyServer$1.onChange(JettyServer.java:106)
	at com.jfinal.server.Scanner.compare(Scanner.java:87)
	at com.jfinal.server.Scanner.working(Scanner.java:56)
	at com.jfinal.server.Scanner.access$0(Scanner.java:54)
	at com.jfinal.server.Scanner$1.run(Scanner.java:93)
	at java.util.TimerThread.mainLoop(Timer.java:555)
	at java.util.TimerThread.run(Timer.java:505)

2014-11-11 11:32:13
[ERROR]-[Thread: JFinal-Scanner]-[com.jfinal.core.Config.startPlugins()]: Plugin start error: com.jfinal.plugin.activerecord.ActiveRecordPlugin. 
java.sql.SQLException: Error
com.jfinal.plugin.activerecord.ActiveRecordException: java.sql.SQLException: Error
	at com.jfinal.plugin.activerecord.TableBuilder.build(TableBuilder.java:48)
	at com.jfinal.plugin.activerecord.ActiveRecordPlugin.start(ActiveRecordPlugin.java:171)
	at com.jfinal.core.Config.startPlugins(Config.java:85)
	at com.jfinal.core.Config.configJFinal(Config.java:48)
	at com.jfinal.core.JFinal.init(JFinal.java:67)
	at com.jfinal.core.JFinalFilter.init(JFinalFilter.java:49)
	at org.eclipse.jetty.servlet.FilterHolder.doStart(FilterHolder.java:119)
	at org.eclipse.jetty.util.component.AbstractLifeCycle.start(AbstractLifeCycle.java:64)
	at org.eclipse.jetty.servlet.ServletHandler.initialize(ServletHandler.java:724)
	at org.eclipse.jetty.servlet.ServletContextHandler.startContext(ServletContextHandler.java:265)
	at org.eclipse.jetty.webapp.WebAppContext.startContext(WebAppContext.java:1250)
	at org.eclipse.jetty.server.handler.ContextHandler.doStart(ContextHandler.java:706)
	at org.eclipse.jetty.webapp.WebAppContext.doStart(WebAppContext.java:492)
	at org.eclipse.jetty.util.component.AbstractLifeCycle.start(AbstractLifeCycle.java:64)
	at com.jfinal.server.JettyServer$1.onChange(JettyServer.java:106)
	at com.jfinal.server.Scanner.compare(Scanner.java:87)
	at com.jfinal.server.Scanner.working(Scanner.java:56)
	at com.jfinal.server.Scanner.access$0(Scanner.java:54)
	at com.jfinal.server.Scanner$1.run(Scanner.java:93)
	at java.util.TimerThread.mainLoop(Timer.java:555)
	at java.util.TimerThread.run(Timer.java:505)
Caused by: java.sql.SQLException: Error
	at com.alibaba.druid.pool.DruidDataSource.handleConnectionException(DruidDataSource.java:1116)
	at com.alibaba.druid.pool.DruidPooledConnection.handleException(DruidPooledConnection.java:127)
	at com.alibaba.druid.pool.DruidPooledStatement.checkException(DruidPooledStatement.java:68)
	at com.alibaba.druid.pool.DruidPooledStatement.executeQuery(DruidPooledStatement.java:154)
	at com.jfinal.plugin.activerecord.TableBuilder.doBuild(TableBuilder.java:63)
	at com.jfinal.plugin.activerecord.TableBuilder.build(TableBuilder.java:40)
	... 20 more
Caused by: java.lang.IllegalAccessError: class sun.reflect.GeneratedConstructorAccessor2 cannot access its superclass sun.reflect.ConstructorAccessorImpl
	at sun.misc.Unsafe.defineClass(Native Method)
	at sun.reflect.ClassDefiner.defineClass(ClassDefiner.java:63)
	at sun.reflect.MethodAccessorGenerator$1.run(MethodAccessorGenerator.java:399)
	at sun.reflect.MethodAccessorGenerator$1.run(MethodAccessorGenerator.java:396)
	at java.security.AccessController.doPrivileged(Native Method)
	at sun.reflect.MethodAccessorGenerator.generate(MethodAccessorGenerator.java:395)
	at sun.reflect.MethodAccessorGenerator.generateConstructor(MethodAccessorGenerator.java:94)
	at sun.reflect.NativeConstructorAccessorImpl.newInstance(NativeConstructorAccessorImpl.java:48)
	at sun.reflect.DelegatingConstructorAccessorImpl.newInstance(DelegatingConstructorAccessorImpl.java:45)
	at java.lang.reflect.Constructor.newInstance(Constructor.java:526)
	at com.mysql.jdbc.Util.handleNewInstance(Util.java:411)
	at com.mysql.jdbc.ResultSetImpl.getInstance(ResultSetImpl.java:383)
	at com.mysql.jdbc.MysqlIO.buildResultSetWithRows(MysqlIO.java:3140)
	at com.mysql.jdbc.MysqlIO.getResultSet(MysqlIO.java:491)
	at com.mysql.jdbc.MysqlIO.readResultsForQueryOrUpdate(MysqlIO.java:3118)
	at com.mysql.jdbc.MysqlIO.readAllResults(MysqlIO.java:2288)
	at com.mysql.jdbc.MysqlIO.sqlQueryDirect(MysqlIO.java:2709)
	at com.mysql.jdbc.ConnectionImpl.execSQL(ConnectionImpl.java:2677)
	at com.mysql.jdbc.ConnectionImpl.execSQL(ConnectionImpl.java:2627)
	at com.mysql.jdbc.StatementImpl.executeQuery(StatementImpl.java:1556)
	at com.alibaba.druid.pool.DruidPooledStatement.executeQuery(DruidPooledStatement.java:143)
	... 22 more

2014-11-11 15:06:44
[ERROR]-[Thread: JFinal-Scanner]-[com.alibaba.druid.pool.DruidDataSource.init()]: init datasource error
java.sql.SQLException: java.lang.IllegalAccessError: class sun.reflect.GeneratedConstructorAccessor3 cannot access its superclass sun.reflect.ConstructorAccessorImpl
	at com.mysql.jdbc.SQLError.createSQLException(SQLError.java:1073)
	at com.mysql.jdbc.SQLError.createSQLException(SQLError.java:987)
	at com.mysql.jdbc.SQLError.createSQLException(SQLError.java:982)
	at com.mysql.jdbc.SQLError.createSQLException(SQLError.java:927)
	at com.mysql.jdbc.Util.handleNewInstance(Util.java:435)
	at com.mysql.jdbc.ConnectionImpl.getInstance(ConnectionImpl.java:389)
	at com.mysql.jdbc.NonRegisteringDriver.connect(NonRegisteringDriver.java:305)
	at com.alibaba.druid.pool.DruidAbstractDataSource.createPhysicalConnection(DruidAbstractDataSource.java:1353)
	at com.alibaba.druid.pool.DruidAbstractDataSource.createPhysicalConnection(DruidAbstractDataSource.java:1409)
	at com.alibaba.druid.pool.DruidDataSource.init(DruidDataSource.java:602)
	at com.alibaba.druid.pool.DruidDataSource.getConnection(DruidDataSource.java:876)
	at com.alibaba.druid.pool.DruidDataSource.getConnection(DruidDataSource.java:872)
	at com.alibaba.druid.pool.DruidDataSource.getConnection(DruidDataSource.java:97)
	at com.jfinal.plugin.activerecord.TableBuilder.build(TableBuilder.java:36)
	at com.jfinal.plugin.activerecord.ActiveRecordPlugin.start(ActiveRecordPlugin.java:171)
	at com.jfinal.core.Config.startPlugins(Config.java:85)
	at com.jfinal.core.Config.configJFinal(Config.java:48)
	at com.jfinal.core.JFinal.init(JFinal.java:67)
	at com.jfinal.core.JFinalFilter.init(JFinalFilter.java:49)
	at org.eclipse.jetty.servlet.FilterHolder.doStart(FilterHolder.java:119)
	at org.eclipse.jetty.util.component.AbstractLifeCycle.start(AbstractLifeCycle.java:64)
	at org.eclipse.jetty.servlet.ServletHandler.initialize(ServletHandler.java:724)
	at org.eclipse.jetty.servlet.ServletContextHandler.startContext(ServletContextHandler.java:265)
	at org.eclipse.jetty.webapp.WebAppContext.startContext(WebAppContext.java:1250)
	at org.eclipse.jetty.server.handler.ContextHandler.doStart(ContextHandler.java:706)
	at org.eclipse.jetty.webapp.WebAppContext.doStart(WebAppContext.java:492)
	at org.eclipse.jetty.util.component.AbstractLifeCycle.start(AbstractLifeCycle.java:64)
	at com.jfinal.server.JettyServer$1.onChange(JettyServer.java:106)
	at com.jfinal.server.Scanner.compare(Scanner.java:87)
	at com.jfinal.server.Scanner.working(Scanner.java:56)
	at com.jfinal.server.Scanner.access$0(Scanner.java:54)
	at com.jfinal.server.Scanner$1.run(Scanner.java:93)
	at java.util.TimerThread.mainLoop(Timer.java:555)
	at java.util.TimerThread.run(Timer.java:505)

2014-11-11 15:06:44
[ERROR]-[Thread: JFinal-Scanner]-[com.jfinal.core.Config.startPlugins()]: Plugin start error: com.jfinal.plugin.activerecord.ActiveRecordPlugin. 
java.sql.SQLException: Error
com.jfinal.plugin.activerecord.ActiveRecordException: java.sql.SQLException: Error
	at com.jfinal.plugin.activerecord.TableBuilder.build(TableBuilder.java:48)
	at com.jfinal.plugin.activerecord.ActiveRecordPlugin.start(ActiveRecordPlugin.java:171)
	at com.jfinal.core.Config.startPlugins(Config.java:85)
	at com.jfinal.core.Config.configJFinal(Config.java:48)
	at com.jfinal.core.JFinal.init(JFinal.java:67)
	at com.jfinal.core.JFinalFilter.init(JFinalFilter.java:49)
	at org.eclipse.jetty.servlet.FilterHolder.doStart(FilterHolder.java:119)
	at org.eclipse.jetty.util.component.AbstractLifeCycle.start(AbstractLifeCycle.java:64)
	at org.eclipse.jetty.servlet.ServletHandler.initialize(ServletHandler.java:724)
	at org.eclipse.jetty.servlet.ServletContextHandler.startContext(ServletContextHandler.java:265)
	at org.eclipse.jetty.webapp.WebAppContext.startContext(WebAppContext.java:1250)
	at org.eclipse.jetty.server.handler.ContextHandler.doStart(ContextHandler.java:706)
	at org.eclipse.jetty.webapp.WebAppContext.doStart(WebAppContext.java:492)
	at org.eclipse.jetty.util.component.AbstractLifeCycle.start(AbstractLifeCycle.java:64)
	at com.jfinal.server.JettyServer$1.onChange(JettyServer.java:106)
	at com.jfinal.server.Scanner.compare(Scanner.java:87)
	at com.jfinal.server.Scanner.working(Scanner.java:56)
	at com.jfinal.server.Scanner.access$0(Scanner.java:54)
	at com.jfinal.server.Scanner$1.run(Scanner.java:93)
	at java.util.TimerThread.mainLoop(Timer.java:555)
	at java.util.TimerThread.run(Timer.java:505)
Caused by: java.sql.SQLException: Error
	at com.alibaba.druid.pool.DruidDataSource.handleConnectionException(DruidDataSource.java:1116)
	at com.alibaba.druid.pool.DruidPooledConnection.handleException(DruidPooledConnection.java:127)
	at com.alibaba.druid.pool.DruidPooledStatement.checkException(DruidPooledStatement.java:68)
	at com.alibaba.druid.pool.DruidPooledStatement.executeQuery(DruidPooledStatement.java:154)
	at com.jfinal.plugin.activerecord.TableBuilder.doBuild(TableBuilder.java:63)
	at com.jfinal.plugin.activerecord.TableBuilder.build(TableBuilder.java:40)
	... 20 more
Caused by: java.lang.IllegalAccessError: class sun.reflect.GeneratedConstructorAccessor4 cannot access its superclass sun.reflect.ConstructorAccessorImpl
	at sun.misc.Unsafe.defineClass(Native Method)
	at sun.reflect.ClassDefiner.defineClass(ClassDefiner.java:63)
	at sun.reflect.MethodAccessorGenerator$1.run(MethodAccessorGenerator.java:399)
	at sun.reflect.MethodAccessorGenerator$1.run(MethodAccessorGenerator.java:396)
	at java.security.AccessController.doPrivileged(Native Method)
	at sun.reflect.MethodAccessorGenerator.generate(MethodAccessorGenerator.java:395)
	at sun.reflect.MethodAccessorGenerator.generateConstructor(MethodAccessorGenerator.java:94)
	at sun.reflect.NativeConstructorAccessorImpl.newInstance(NativeConstructorAccessorImpl.java:48)
	at sun.reflect.DelegatingConstructorAccessorImpl.newInstance(DelegatingConstructorAccessorImpl.java:45)
	at java.lang.reflect.Constructor.newInstance(Constructor.java:526)
	at com.mysql.jdbc.Util.handleNewInstance(Util.java:411)
	at com.mysql.jdbc.ResultSetImpl.getInstance(ResultSetImpl.java:383)
	at com.mysql.jdbc.MysqlIO.buildResultSetWithRows(MysqlIO.java:3140)
	at com.mysql.jdbc.MysqlIO.getResultSet(MysqlIO.java:491)
	at com.mysql.jdbc.MysqlIO.readResultsForQueryOrUpdate(MysqlIO.java:3118)
	at com.mysql.jdbc.MysqlIO.readAllResults(MysqlIO.java:2288)
	at com.mysql.jdbc.MysqlIO.sqlQueryDirect(MysqlIO.java:2709)
	at com.mysql.jdbc.ConnectionImpl.execSQL(ConnectionImpl.java:2677)
	at com.mysql.jdbc.ConnectionImpl.execSQL(ConnectionImpl.java:2627)
	at com.mysql.jdbc.StatementImpl.executeQuery(StatementImpl.java:1556)
	at com.alibaba.druid.pool.DruidPooledStatement.executeQuery(DruidPooledStatement.java:143)
	... 22 more

2014-11-11 15:06:54
[ERROR]-[Thread: JFinal-Scanner]-[com.alibaba.druid.pool.DruidDataSource.init()]: init datasource error
java.sql.SQLException: java.lang.IllegalAccessError: class sun.reflect.GeneratedConstructorAccessor5 cannot access its superclass sun.reflect.ConstructorAccessorImpl
	at com.mysql.jdbc.SQLError.createSQLException(SQLError.java:1073)
	at com.mysql.jdbc.SQLError.createSQLException(SQLError.java:987)
	at com.mysql.jdbc.SQLError.createSQLException(SQLError.java:982)
	at com.mysql.jdbc.SQLError.createSQLException(SQLError.java:927)
	at com.mysql.jdbc.Util.handleNewInstance(Util.java:435)
	at com.mysql.jdbc.ConnectionImpl.getInstance(ConnectionImpl.java:389)
	at com.mysql.jdbc.NonRegisteringDriver.connect(NonRegisteringDriver.java:305)
	at com.alibaba.druid.pool.DruidAbstractDataSource.createPhysicalConnection(DruidAbstractDataSource.java:1353)
	at com.alibaba.druid.pool.DruidAbstractDataSource.createPhysicalConnection(DruidAbstractDataSource.java:1409)
	at com.alibaba.druid.pool.DruidDataSource.init(DruidDataSource.java:602)
	at com.alibaba.druid.pool.DruidDataSource.getConnection(DruidDataSource.java:876)
	at com.alibaba.druid.pool.DruidDataSource.getConnection(DruidDataSource.java:872)
	at com.alibaba.druid.pool.DruidDataSource.getConnection(DruidDataSource.java:97)
	at com.jfinal.plugin.activerecord.TableBuilder.build(TableBuilder.java:36)
	at com.jfinal.plugin.activerecord.ActiveRecordPlugin.start(ActiveRecordPlugin.java:171)
	at com.jfinal.core.Config.startPlugins(Config.java:85)
	at com.jfinal.core.Config.configJFinal(Config.java:48)
	at com.jfinal.core.JFinal.init(JFinal.java:67)
	at com.jfinal.core.JFinalFilter.init(JFinalFilter.java:49)
	at org.eclipse.jetty.servlet.FilterHolder.doStart(FilterHolder.java:119)
	at org.eclipse.jetty.util.component.AbstractLifeCycle.start(AbstractLifeCycle.java:64)
	at org.eclipse.jetty.servlet.ServletHandler.initialize(ServletHandler.java:724)
	at org.eclipse.jetty.servlet.ServletContextHandler.startContext(ServletContextHandler.java:265)
	at org.eclipse.jetty.webapp.WebAppContext.startContext(WebAppContext.java:1250)
	at org.eclipse.jetty.server.handler.ContextHandler.doStart(ContextHandler.java:706)
	at org.eclipse.jetty.webapp.WebAppContext.doStart(WebAppContext.java:492)
	at org.eclipse.jetty.util.component.AbstractLifeCycle.start(AbstractLifeCycle.java:64)
	at com.jfinal.server.JettyServer$1.onChange(JettyServer.java:106)
	at com.jfinal.server.Scanner.compare(Scanner.java:87)
	at com.jfinal.server.Scanner.working(Scanner.java:56)
	at com.jfinal.server.Scanner.access$0(Scanner.java:54)
	at com.jfinal.server.Scanner$1.run(Scanner.java:93)
	at java.util.TimerThread.mainLoop(Timer.java:555)
	at java.util.TimerThread.run(Timer.java:505)

2014-11-11 15:06:54
[ERROR]-[Thread: JFinal-Scanner]-[com.jfinal.core.Config.startPlugins()]: Plugin start error: com.jfinal.plugin.activerecord.ActiveRecordPlugin. 
java.sql.SQLException: Error
com.jfinal.plugin.activerecord.ActiveRecordException: java.sql.SQLException: Error
	at com.jfinal.plugin.activerecord.TableBuilder.build(TableBuilder.java:48)
	at com.jfinal.plugin.activerecord.ActiveRecordPlugin.start(ActiveRecordPlugin.java:171)
	at com.jfinal.core.Config.startPlugins(Config.java:85)
	at com.jfinal.core.Config.configJFinal(Config.java:48)
	at com.jfinal.core.JFinal.init(JFinal.java:67)
	at com.jfinal.core.JFinalFilter.init(JFinalFilter.java:49)
	at org.eclipse.jetty.servlet.FilterHolder.doStart(FilterHolder.java:119)
	at org.eclipse.jetty.util.component.AbstractLifeCycle.start(AbstractLifeCycle.java:64)
	at org.eclipse.jetty.servlet.ServletHandler.initialize(ServletHandler.java:724)
	at org.eclipse.jetty.servlet.ServletContextHandler.startContext(ServletContextHandler.java:265)
	at org.eclipse.jetty.webapp.WebAppContext.startContext(WebAppContext.java:1250)
	at org.eclipse.jetty.server.handler.ContextHandler.doStart(ContextHandler.java:706)
	at org.eclipse.jetty.webapp.WebAppContext.doStart(WebAppContext.java:492)
	at org.eclipse.jetty.util.component.AbstractLifeCycle.start(AbstractLifeCycle.java:64)
	at com.jfinal.server.JettyServer$1.onChange(JettyServer.java:106)
	at com.jfinal.server.Scanner.compare(Scanner.java:87)
	at com.jfinal.server.Scanner.working(Scanner.java:56)
	at com.jfinal.server.Scanner.access$0(Scanner.java:54)
	at com.jfinal.server.Scanner$1.run(Scanner.java:93)
	at java.util.TimerThread.mainLoop(Timer.java:555)
	at java.util.TimerThread.run(Timer.java:505)
Caused by: java.sql.SQLException: Error
	at com.alibaba.druid.pool.DruidDataSource.handleConnectionException(DruidDataSource.java:1116)
	at com.alibaba.druid.pool.DruidPooledConnection.handleException(DruidPooledConnection.java:127)
	at com.alibaba.druid.pool.DruidPooledStatement.checkException(DruidPooledStatement.java:68)
	at com.alibaba.druid.pool.DruidPooledStatement.executeQuery(DruidPooledStatement.java:154)
	at com.jfinal.plugin.activerecord.TableBuilder.doBuild(TableBuilder.java:63)
	at com.jfinal.plugin.activerecord.TableBuilder.build(TableBuilder.java:40)
	... 20 more
Caused by: java.lang.IllegalAccessError: class sun.reflect.GeneratedConstructorAccessor6 cannot access its superclass sun.reflect.ConstructorAccessorImpl
	at sun.misc.Unsafe.defineClass(Native Method)
	at sun.reflect.ClassDefiner.defineClass(ClassDefiner.java:63)
	at sun.reflect.MethodAccessorGenerator$1.run(MethodAccessorGenerator.java:399)
	at sun.reflect.MethodAccessorGenerator$1.run(MethodAccessorGenerator.java:396)
	at java.security.AccessController.doPrivileged(Native Method)
	at sun.reflect.MethodAccessorGenerator.generate(MethodAccessorGenerator.java:395)
	at sun.reflect.MethodAccessorGenerator.generateConstructor(MethodAccessorGenerator.java:94)
	at sun.reflect.NativeConstructorAccessorImpl.newInstance(NativeConstructorAccessorImpl.java:48)
	at sun.reflect.DelegatingConstructorAccessorImpl.newInstance(DelegatingConstructorAccessorImpl.java:45)
	at java.lang.reflect.Constructor.newInstance(Constructor.java:526)
	at com.mysql.jdbc.Util.handleNewInstance(Util.java:411)
	at com.mysql.jdbc.ResultSetImpl.getInstance(ResultSetImpl.java:383)
	at com.mysql.jdbc.MysqlIO.buildResultSetWithRows(MysqlIO.java:3140)
	at com.mysql.jdbc.MysqlIO.getResultSet(MysqlIO.java:491)
	at com.mysql.jdbc.MysqlIO.readResultsForQueryOrUpdate(MysqlIO.java:3118)
	at com.mysql.jdbc.MysqlIO.readAllResults(MysqlIO.java:2288)
	at com.mysql.jdbc.MysqlIO.sqlQueryDirect(MysqlIO.java:2709)
	at com.mysql.jdbc.ConnectionImpl.execSQL(ConnectionImpl.java:2677)
	at com.mysql.jdbc.ConnectionImpl.execSQL(ConnectionImpl.java:2627)
	at com.mysql.jdbc.StatementImpl.executeQuery(StatementImpl.java:1556)
	at com.alibaba.druid.pool.DruidPooledStatement.executeQuery(DruidPooledStatement.java:143)
	... 22 more
